<?xml version="1.0" encoding="UTF-8" ?>
<testsuites>
  <testsuite errors="1" failures="0" hostname="Tino-PC" id="0" name="BeispielRechnerTest" package="" skipped="0" tests="1" time="0.0" timestamp="2020-07-02T11:38:21">
      <properties>
[...]
</properties>

      <error message="BeispielRechnerTest" type="java.lang.ClassNotFoundException">java.lang.ClassNotFoundException: BeispielRechnerTest
	at java.base/jdk.internal.loader.BuiltinClassLoader.loadClass(BuiltinClassLoader.java:602)
	at java.base/jdk.internal.loader.ClassLoaders$AppClassLoader.loadClass(ClassLoaders.java:178)
	at java.base/java.lang.ClassLoader.loadClass(ClassLoader.java:521)
	at java.base/java.lang.Class.forName0(Native Method)
	at java.base/java.lang.Class.forName(Class.java:416)
</error>

      <system-out><![CDATA[]]></system-out>

      <system-err><![CDATA[]]></system-err>

  </testsuite>
</testsuites>
