<?xml version="1.0" encoding="UTF-8" ?>
<testsuite errors="0" failures="0" hostname="Tino-PC" name="junit.BeispielRechnerTest" skipped="0" tests="9" time="0.194" timestamp="2020-07-02T21:19:02">
  <properties>
[...]
</properties>
  <testcase classname="junit.BeispielRechnerTest" name="testDivByZero" time="0.013" />
  <testcase classname="junit.BeispielRechnerTest" name="testAddFail" time="0.001" />
  <testcase classname="junit.BeispielRechnerTest" name="testAdd" time="0.0" />
  <testcase classname="junit.BeispielRechnerTest" name="testDiv" time="0.001" />
  <testcase classname="junit.BeispielRechnerTest" name="testMal" time="0.0" />
  <testcase classname="junit.BeispielRechnerTest" name="testSub" time="0.001" />
  <testcase classname="junit.BeispielRechnerTest" name="testMalZero" time="0.001" />
  <testcase classname="junit.BeispielRechnerTest" name="testDivFail" time="0.0" />
  <testcase classname="junit.BeispielRechnerTest" name="testSubFail" time="0.0" />
  <system-out><![CDATA[]]></system-out>
  <system-err><![CDATA[]]></system-err>
</testsuite>
