<?xml version="1.0" encoding="UTF-8" ?>
<testsuite errors="0" failures="0" hostname="Tino-PC" name="de.boehmke.beispielrechner.BeispielBerechnungTest" skipped="0" tests="9" time="0.167" timestamp="2020-07-06T14:14:10">
  <properties>
[...]
</properties>
  <testcase classname="de.boehmke.beispielrechner.BeispielBerechnungTest" name="testDivByZero" time="0.007" />
  <testcase classname="de.boehmke.beispielrechner.BeispielBerechnungTest" name="testAddFail" time="0.001" />
  <testcase classname="de.boehmke.beispielrechner.BeispielBerechnungTest" name="testAdd" time="0.001" />
  <testcase classname="de.boehmke.beispielrechner.BeispielBerechnungTest" name="testDiv" time="0.0" />
  <testcase classname="de.boehmke.beispielrechner.BeispielBerechnungTest" name="testMal" time="0.0" />
  <testcase classname="de.boehmke.beispielrechner.BeispielBerechnungTest" name="testSub" time="0.001" />
  <testcase classname="de.boehmke.beispielrechner.BeispielBerechnungTest" name="testMalZero" time="0.001" />
  <testcase classname="de.boehmke.beispielrechner.BeispielBerechnungTest" name="testDivFail" time="0.0" />
  <testcase classname="de.boehmke.beispielrechner.BeispielBerechnungTest" name="testSubFail" time="0.0" />
  <system-out><![CDATA[]]></system-out>
  <system-err><![CDATA[]]></system-err>
</testsuite>
